Arguments: 
  C:\Program Files\nodejs\node.exe C:\Program Files (x86)\Yarn\bin\yarn.js build

PATH: 
  F:\Git\mingw64\bin;F:\Git\usr\bin;C:\Users\gold\bin;C:\WINDOWS\system32;C:\WINDOWS;C:\WINDOWS\System32\Wbem;C:\WINDOWS\System32\WindowsPowerShell\v1.0;C:\WINDOWS\System32\OpenSSH;C:\Program Files (x86)\NVIDIA Corporation\PhysX\Common;C:\Program Files\NVIDIA Corporation\NVIDIA NvDLISR;C:\Program Files\Git\cmd;C:\Program Files\nodejs;C:\Program Files (x86)\Yarn\bin;C:\WINDOWS\system32;C:\WINDOWS;C:\WINDOWS\System32\Wbem;C:\WINDOWS\System32\WindowsPowerShell\v1.0;C:\WINDOWS\System32\OpenSSH;C:\Program Files\TortoiseGit\bin;C:\Users\gold\AppData\Local\Microsoft\WindowsApps;C:\Users\gold\AppData\Roaming\npm;C:\Users\gold\AppData\Local\Yarn\bin;E:\vscode\Microsoft VS Code\bin

Yarn version: 
  1.19.2

Node version: 
  12.13.1

Platform: 
  win32 x64

Trace: 
  SyntaxError: E:\react-project\webpack-react\package.json: Unexpected token } in JSON at position 174
      at JSON.parse (<anonymous>)
      at C:\Program Files (x86)\Yarn\lib\cli.js:1625:59
      at Generator.next (<anonymous>)
      at step (C:\Program Files (x86)\Yarn\lib\cli.js:304:30)
      at C:\Program Files (x86)\Yarn\lib\cli.js:315:13

npm manifest: 
  {
    "name": "webpack1",
    "version": "1.0.0",
    "description": "",
    "main": "webpack.config.js",
    "scripts": {
      "build": "webpack",
      "serve": "webpack-dev-server",
    },
    "keywords": [],
    "sideEffects": [
      "*.css",
      "*.less"
    ],
    "author": "",
    "license": "ISC",
    "devDependencies": {
      "@babel/core": "^7.9.0",
      "@babel/polyfill": "^7.8.7",
      "@babel/preset-env": "^7.9.0",
      "@babel/preset-react": "^7.9.4",
      "add-asset-html-webpack-plugin": "^3.1.3",
      "autoprefixer": "^9.7.5",
      "babel-loader": "^8.1.0",
      "clean-webpack-plugin": "^3.0.0",
      "cross-env": "^7.0.2",
      "css-loader": "^3.4.2",
      "cssnano": "^4.1.10",
      "file-loader": "^6.0.0",
      "glob-all": "^3.2.1",
      "happypack": "^5.0.1",
      "html-webpack-plugin": "^4.0.2",
      "less": "^3.11.1",
      "less-loader": "^5.0.0",
      "mini-css-extract-plugin": "^0.9.0",
      "optimize-css-assets-webpack-plugin": "^5.0.3",
      "postcss-loader": "^3.0.0",
      "purify-css": "^1.2.5",
      "purifycss-webpack": "^0.7.0",
      "style-loader": "^1.1.3",
      "webpack": "^4.42.1",
      "webpack-cli": "^3.3.11",
      "webpack-dev-server": "^3.10.3",
      "webpack-merge": "^4.2.2"
    },
    "dependencies": {
      "lodash": "^4.17.15",
      "react": "^16.13.1",
      "react-dom": "^16.13.1"
    }
  }

yarn manifest: 
  No manifest

Lockfile: 
  No lockfile
